Start testing: Jun 22 10:16 RTZ 6 (çèìà)
----------------------------------------------------------
1/3 Testing: test_1
1/3 Test: test_1
Command: "C:/Users/artem/OneDrive/Desktop/Study/Programming/LAB_7_UPD/ctest/build/tests/test_1.exe"
Directory: C:/Users/artem/OneDrive/Desktop/Study/Programming/LAB_7_UPD/ctest/build/tests
"test_1" start time: Jun 22 10:16 RTZ 6 (çèìà)
Output:
----------------------------------------------------------
<end of output>
Test time =   0.05 sec
----------------------------------------------------------
Test Passed.
"test_1" end time: Jun 22 10:16 RTZ 6 (çèìà)
"test_1" time elapsed: 00:00:00
----------------------------------------------------------

End testing: Jun 22 10:16 RTZ 6 (çèìà)
